<?xml version="1.0" encoding="UTF-8"?>
<testng-results ignored="0" total="1" passed="1" failed="0" skipped="0">
  <reporter-output>
  </reporter-output>
  <suite started-at="2024-09-03T17:45:32 IST" name="Default suite" finished-at="2024-09-03T17:45:59 IST" duration-ms="26698">
    <groups>
    </groups>
    <test started-at="2024-09-03T17:45:32 IST" name="Default test" finished-at="2024-09-03T17:45:59 IST" duration-ms="26698">
      <class name="com.itLearn.testcases.PaymentTestCase">
        <test-method is-config="true" signature="setUp()[pri:0, instance:com.itLearn.testcases.PaymentTestCase@38cee291]" started-at="2024-09-03T17:45:33 IST" name="setUp" finished-at="2024-09-03T17:45:42 IST" duration-ms="9221" status="PASS">
          <reporter-output>
          </reporter-output>
        </test-method> <!-- setUp -->
        <test-method signature="testcourses()[pri:1, instance:com.itLearn.testcases.PaymentTestCase@38cee291]" started-at="2024-09-03T17:45:42 IST" name="testcourses" finished-at="2024-09-03T17:45:59 IST" duration-ms="17359" status="PASS">
          <reporter-output>
          </reporter-output>
        </test-method> <!-- testcourses -->
      </class> <!-- com.itLearn.testcases.PaymentTestCase -->
    </test> <!-- Default test -->
  </suite> <!-- Default suite -->
</testng-results>
