<?xml version="1.0" encoding="UTF-8"?>
<!-- Generated by org.testng.reporters.JUnitXMLReporter -->
<testsuite ignored="0" hostname="Laptop-66" failures="1" tests="1" name="Test" time="24.142" errors="0" timestamp="2024-09-03T16:05:18 IST">
  <testcase classname="com.itLearn.testcases.PaymentTestCase" name="testcourses" time="14.381">
    <failure type="java.lang.IllegalStateException" message="Cannot get a STRING value from a NUMERIC cell">
      <![CDATA[java.lang.IllegalStateException: Cannot get a STRING value from a NUMERIC cell
at org.apache.poi.xssf.usermodel.XSSFCell.typeMismatch(XSSFCell.java:984)
at org.apache.poi.xssf.usermodel.XSSFCell.getRichStringCellValue(XSSFCell.java:311)
at org.apache.poi.xssf.usermodel.XSSFCell.getStringCellValue(XSSFCell.java:280)
at com.itLearn.utility.ReadExcelFile.getCellValue(ReadExcelFile.java:28)
at com.itLearn.testcases.PaymentTestCase.testcourses(PaymentTestCase.java:29)
at java.base/java.util.ArrayList.forEach(ArrayList.java:1597)
... Removed 25 stack frames]]>
    </failure>
  </testcase> <!-- testcourses -->
</testsuite> <!-- Test -->
